<?xml version="1.0" encoding="UTF-8"?>
<robot generator="Robot 7.3.1 (Python 3.12.3 on linux)" generated="2025-07-06T16:31:57.273561" rpa="false" schemaversion="5">
<suite id="s1" name="Minimal Browser Lib" source="/home/mikap/projects/rf_guide/robot/minimal_browser_lib.robot">
<test id="s1-t1" name="My First Test" line="6">
<kw name="New Page" owner="Browser">
<msg time="2025-07-06T16:31:57.464427" level="INFO">Starting Browser process /home/mikap/projects/rf_guide/.venv/lib/python3.12/site-packages/Browser/wrapper/index.js using at 127.0.0.1:57383</msg>
<msg time="2025-07-06T16:31:59.462871" level="INFO">Successfully initialized new page object and opened url: https://example.cypress.io</msg>
<msg time="2025-07-06T16:31:59.462953" level="INFO">No browser and context was open. New browser and context was automatically opened when page is created.</msg>
<arg>https://example.cypress.io</arg>
<tag>BrowserControl</tag>
<tag>Setter</tag>
<doc>Open a new Page.</doc>
<status status="PASS" start="2025-07-06T16:31:57.386374" elapsed="2.076690"/>
</kw>
<kw name="Click" owner="Browser">
<msg time="2025-07-06T16:31:59.463597" level="INFO">Clicks the element '"type"'.</msg>
<arg>"type"</arg>
<tag>PageContent</tag>
<tag>Setter</tag>
<doc>Simulates mouse click on the element found by ``selector``.</doc>
<status status="PASS" start="2025-07-06T16:31:59.463283" elapsed="0.242973"/>
</kw>
<kw name="Get Url" owner="Browser">
<arg>*=</arg>
<arg>/commands/actions</arg>
<tag>Assertion</tag>
<tag>Getter</tag>
<tag>PageContent</tag>
<doc>Returns the current URL.</doc>
<status status="PASS" start="2025-07-06T16:31:59.706495" elapsed="0.001916"/>
</kw>
<kw name="Type Text" owner="Browser">
<msg time="2025-07-06T16:31:59.708787" level="INFO">Types the text 'fake@email.com' in the given field.</msg>
<arg>.action-email</arg>
<arg>fake@email.com</arg>
<tag>PageContent</tag>
<tag>Setter</tag>
<doc>Types the given ``txt`` into the text field found by ``selector``.</doc>
<status status="PASS" start="2025-07-06T16:31:59.708559" elapsed="0.088786"/>
</kw>
<kw name="Get Text" owner="Browser">
<msg time="2025-07-06T16:31:59.826311" level="INFO">Text: 'fake@email.com'</msg>
<arg>.action-email</arg>
<arg>==</arg>
<arg>fake@email.com</arg>
<tag>Assertion</tag>
<tag>Getter</tag>
<tag>PageContent</tag>
<doc>Returns text attribute of the element found by ``selector``.</doc>
<status status="PASS" start="2025-07-06T16:31:59.797548" elapsed="0.028861"/>
</kw>
<msg time="2025-07-06T16:31:59.839545" level="INFO">Switching context to context=7ab4032d-da39-4a21-af27-1e11456c3479 in CURRENT</msg>
<msg time="2025-07-06T16:31:59.845333" level="INFO">Successfully changed active context: context=7ab4032d-da39-4a21-af27-1e11456c3479</msg>
<msg time="2025-07-06T16:31:59.852758" level="INFO">Successfully closed Context</msg>
<doc>Gets, types and asserts</doc>
<status status="PASS" start="2025-07-06T16:31:57.385513" elapsed="2.441096"/>
</test>
<status status="PASS" start="2025-07-06T16:31:57.274129" elapsed="2.579235"/>
</suite>
<statistics>
<total>
<stat pass="1" fail="0" skip="0">All Tests</stat>
</total>
<tag>
</tag>
<suite>
<stat name="Minimal Browser Lib" id="s1" pass="1" fail="0" skip="0">Minimal Browser Lib</stat>
</suite>
</statistics>
<errors>
</errors>
</robot>
